2023-08-11 12:59:35,708 INFO o.a.j.u.JMeterUtils: Setting Locale to en_EN
2023-08-11 12:59:35,739 INFO o.a.j.JMeter: Loading user properties from: /usr/local/Cellar/jmeter/5.6.2/libexec/bin/user.properties
2023-08-11 12:59:35,740 INFO o.a.j.JMeter: Loading system properties from: /usr/local/Cellar/jmeter/5.6.2/libexec/bin/system.properties
2023-08-11 12:59:35,751 INFO o.a.j.JMeter: Copyright (c) 1998-2023 The Apache Software Foundation
2023-08-11 12:59:35,751 INFO o.a.j.JMeter: Version 5.6.2
2023-08-11 12:59:35,751 INFO o.a.j.JMeter: java.version=17.0.8
2023-08-11 12:59:35,751 INFO o.a.j.JMeter: java.vm.name=OpenJDK 64-Bit Server VM
2023-08-11 12:59:35,751 INFO o.a.j.JMeter: os.name=Mac OS X
2023-08-11 12:59:35,751 INFO o.a.j.JMeter: os.arch=x86_64
2023-08-11 12:59:35,752 INFO o.a.j.JMeter: os.version=13.1
2023-08-11 12:59:35,752 INFO o.a.j.JMeter: file.encoding=UTF-8
2023-08-11 12:59:35,752 INFO o.a.j.JMeter: java.awt.headless=null
2023-08-11 12:59:35,752 INFO o.a.j.JMeter: Max memory     =1073741824
2023-08-11 12:59:35,752 INFO o.a.j.JMeter: Available Processors =8
2023-08-11 12:59:35,767 INFO o.a.j.JMeter: Default Locale=English (EN)
2023-08-11 12:59:35,767 INFO o.a.j.JMeter: JMeter  Locale=English (EN)
2023-08-11 12:59:35,768 INFO o.a.j.JMeter: JMeterHome=/usr/local/Cellar/jmeter/5.6.2/libexec
2023-08-11 12:59:35,768 INFO o.a.j.JMeter: user.dir  =/Users/akashvishwakarma
2023-08-11 12:59:35,768 INFO o.a.j.JMeter: PWD       =/Users/akashvishwakarma
2023-08-11 12:59:35,770 INFO o.a.j.JMeter: IP: 127.0.0.1 Name: localhost.local FullName: localhost
2023-08-11 12:59:35,789 INFO o.a.j.JMeter: Loaded icon properties from org/apache/jmeter/images/icon.properties
2023-08-11 12:59:36,420 INFO o.a.j.JMeterGuiLauncher: Setting LAF to: com.github.weisj.darklaf.DarkLaf:com.github.weisj.darklaf.theme.DarculaTheme
2023-08-11 12:59:38,380 INFO o.a.j.r.ClassFinder: Will scan jar /usr/local/Cellar/jmeter/5.6.2/libexec/lib/ext/jmeter-plugins-manager-1.9.jar with filter ExtendsClassFilter [parents=[interface org.apache.jmeter.gui.action.Command], inner=false, contains=null, notContains=null]. Consider exposing JMeter plugins via META-INF/services, and add JMeter-Skip-Class-Scanning=true manifest attribute so JMeter can skip classfile scanning
2023-08-11 12:59:38,563 INFO o.a.j.r.ClassFinder: Will scan jar /usr/local/Cellar/jmeter/5.6.2/libexec/lib/ext/jmeter-plugins-manager-1.9.jar with filter ExtendsClassFilter [parents=[interface org.apache.jmeter.gui.plugin.MenuCreator], inner=false, contains=null, notContains=null]. Consider exposing JMeter plugins via META-INF/services, and add JMeter-Skip-Class-Scanning=true manifest attribute so JMeter can skip classfile scanning
2023-08-11 12:59:38,720 INFO o.j.r.JARSourceHTTP: Found cached repo
2023-08-11 12:59:38,979 INFO o.j.r.PluginManager: Plugins Status: [jpgc-plugins-manager=1.9, jmeter-core=5.6.2, jmeter-ftp=5.6.2, jmeter-http=5.6.2, jmeter-jdbc=5.6.2, jmeter-jms=5.6.2, jmeter-junit=5.6.2, jmeter-java=5.6.2, jmeter-ldap=5.6.2, jmeter-mail=5.6.2, jmeter-mongodb=5.6.2, jmeter-native=5.6.2, jmeter-tcp=5.6.2, jmeter-components=5.6.2]
2023-08-11 12:59:38,980 INFO o.j.r.PluginManagerMenuItem: Plugins Manager has upgrades: [jpgc-plugins-manager]
2023-08-11 13:00:03,313 INFO o.a.j.s.FileServer: Default base='/Users/akashvishwakarma'
2023-08-11 13:00:03,314 INFO o.a.j.s.FileServer: Set new base='/Users/akashvishwakarma'
2023-08-11 13:00:03,525 INFO o.a.j.s.SaveService: Testplan (JMX) version: 2.2. Testlog (JTL) version: 2.2
2023-08-11 13:00:03,535 INFO o.a.j.s.SaveService: Using SaveService properties version 5.0
2023-08-11 13:00:03,537 INFO o.a.j.s.SaveService: Using SaveService properties file encoding UTF-8
2023-08-11 13:00:09,473 INFO o.a.j.p.h.s.HTTPSamplerBase: Parser for text/html is org.apache.jmeter.protocol.http.parser.LagartoBasedHtmlParser
2023-08-11 13:00:09,473 INFO o.a.j.p.h.s.HTTPSamplerBase: Parser for application/xhtml+xml is org.apache.jmeter.protocol.http.parser.LagartoBasedHtmlParser
2023-08-11 13:00:09,473 INFO o.a.j.p.h.s.HTTPSamplerBase: Parser for application/xml is org.apache.jmeter.protocol.http.parser.LagartoBasedHtmlParser
2023-08-11 13:00:09,473 INFO o.a.j.p.h.s.HTTPSamplerBase: Parser for text/xml is org.apache.jmeter.protocol.http.parser.LagartoBasedHtmlParser
2023-08-11 13:00:09,473 INFO o.a.j.p.h.s.HTTPSamplerBase: Parser for text/vnd.wap.wml is org.apache.jmeter.protocol.http.parser.RegexpHTMLParser
2023-08-11 13:00:09,473 INFO o.a.j.p.h.s.HTTPSamplerBase: Parser for text/css is org.apache.jmeter.protocol.http.parser.CssParser
2023-08-11 13:00:56,931 INFO o.a.j.g.a.Load: Loading file: /Users/akashvishwakarma/test.jmx
2023-08-11 13:00:56,931 INFO o.a.j.s.FileServer: Set new base='/Users/akashvishwakarma'
2023-08-11 13:00:56,932 INFO o.a.j.s.SaveService: Loading file: /Users/akashvishwakarma/test.jmx
2023-08-11 13:00:57,126 INFO o.a.j.s.FileServer: Set new base='/Users/akashvishwakarma'
2023-08-11 13:02:11,770 INFO o.a.j.e.StandardJMeterEngine: Running the test!
2023-08-11 13:02:11,771 INFO o.a.j.s.SampleEvent: List of sample_variables: []
2023-08-11 13:02:11,771 INFO o.a.j.s.SampleEvent: List of sample_variables: []
2023-08-11 13:02:11,772 INFO o.a.j.e.u.CompoundVariable: Note: Function class names must contain the string: '.functions.'
2023-08-11 13:02:11,772 INFO o.a.j.e.u.CompoundVariable: Note: Function class names must not contain the string: '.gui.'
2023-08-11 13:02:11,851 INFO o.a.j.r.ClassFinder: Will scan jar /usr/local/Cellar/jmeter/5.6.2/libexec/lib/ext/jmeter-plugins-manager-1.9.jar with filter ExtendsClassFilter [parents=[interface org.apache.jmeter.functions.Function], inner=false, contains=null, notContains=null]. Consider exposing JMeter plugins via META-INF/services, and add JMeter-Skip-Class-Scanning=true manifest attribute so JMeter can skip classfile scanning
2023-08-11 13:02:11,855 INFO o.a.j.g.u.JMeterMenuBar: setRunning(true, *local*)
2023-08-11 13:02:11,857 INFO o.a.j.e.StandardJMeterEngine: Starting setUp thread groups
2023-08-11 13:02:11,857 INFO o.a.j.e.StandardJMeterEngine: Starting setUp ThreadGroup: 1 : test 
2023-08-11 13:02:11,857 INFO o.a.j.e.StandardJMeterEngine: Starting 10 threads for group test.
2023-08-11 13:02:11,857 INFO o.a.j.e.StandardJMeterEngine: Thread will continue on error
2023-08-11 13:02:11,900 INFO o.a.j.t.ThreadGroup: Starting thread group... number=1 threads=10 ramp-up=1 delayedStart=false
2023-08-11 13:02:11,904 INFO o.a.j.t.JMeterThread: Thread started: test 1-1
2023-08-11 13:02:11,911 INFO o.a.j.s.SampleResult: Note: Sample TimeStamps are START times
2023-08-11 13:02:11,911 INFO o.a.j.s.SampleResult: sampleresult.default.encoding is set to UTF-8
2023-08-11 13:02:11,911 INFO o.a.j.s.SampleResult: sampleresult.useNanoTime=true
2023-08-11 13:02:11,911 INFO o.a.j.s.SampleResult: sampleresult.nanoThreadSleep=5000
2023-08-11 13:02:11,916 INFO o.a.j.t.ThreadGroup: Started thread group number 1
2023-08-11 13:02:11,917 INFO o.a.j.e.StandardJMeterEngine: Waiting for all setup thread groups to exit
2023-08-11 13:02:11,918 INFO o.a.j.t.JMeterThread: Thread is done: test 1-1
2023-08-11 13:02:11,918 INFO o.a.j.t.JMeterThread: Thread finished: test 1-1
2023-08-11 13:02:12,003 INFO o.a.j.t.JMeterThread: Thread started: test 1-2
2023-08-11 13:02:12,026 INFO o.a.j.t.JMeterThread: Thread is done: test 1-2
2023-08-11 13:02:12,026 INFO o.a.j.t.JMeterThread: Thread finished: test 1-2
2023-08-11 13:02:12,105 INFO o.a.j.t.JMeterThread: Thread started: test 1-3
2023-08-11 13:02:12,109 INFO o.a.j.t.JMeterThread: Thread is done: test 1-3
2023-08-11 13:02:12,110 INFO o.a.j.t.JMeterThread: Thread finished: test 1-3
2023-08-11 13:02:12,204 INFO o.a.j.t.JMeterThread: Thread started: test 1-4
2023-08-11 13:02:12,208 INFO o.a.j.t.JMeterThread: Thread is done: test 1-4
2023-08-11 13:02:12,208 INFO o.a.j.t.JMeterThread: Thread finished: test 1-4
2023-08-11 13:02:12,306 INFO o.a.j.t.JMeterThread: Thread started: test 1-5
2023-08-11 13:02:12,309 INFO o.a.j.t.JMeterThread: Thread is done: test 1-5
2023-08-11 13:02:12,310 INFO o.a.j.t.JMeterThread: Thread finished: test 1-5
2023-08-11 13:02:12,407 INFO o.a.j.t.JMeterThread: Thread started: test 1-6
2023-08-11 13:02:12,410 INFO o.a.j.t.JMeterThread: Thread is done: test 1-6
2023-08-11 13:02:12,410 INFO o.a.j.t.JMeterThread: Thread finished: test 1-6
2023-08-11 13:02:12,502 INFO o.a.j.t.JMeterThread: Thread started: test 1-7
2023-08-11 13:02:12,505 INFO o.a.j.t.JMeterThread: Thread is done: test 1-7
2023-08-11 13:02:12,505 INFO o.a.j.t.JMeterThread: Thread finished: test 1-7
2023-08-11 13:02:12,602 INFO o.a.j.t.JMeterThread: Thread started: test 1-8
2023-08-11 13:02:12,604 INFO o.a.j.t.JMeterThread: Thread is done: test 1-8
2023-08-11 13:02:12,604 INFO o.a.j.t.JMeterThread: Thread finished: test 1-8
2023-08-11 13:02:12,702 INFO o.a.j.t.JMeterThread: Thread started: test 1-9
2023-08-11 13:02:12,704 INFO o.a.j.t.JMeterThread: Thread is done: test 1-9
2023-08-11 13:02:12,705 INFO o.a.j.t.JMeterThread: Thread finished: test 1-9
2023-08-11 13:02:12,802 INFO o.a.j.t.JMeterThread: Thread started: test 1-10
2023-08-11 13:02:12,805 INFO o.a.j.t.JMeterThread: Thread is done: test 1-10
2023-08-11 13:02:12,805 INFO o.a.j.t.JMeterThread: Thread finished: test 1-10
2023-08-11 13:02:12,805 INFO o.a.j.e.StandardJMeterEngine: All Setup Threads have ended
2023-08-11 13:02:12,847 INFO o.a.j.e.StandardJMeterEngine: No enabled thread groups found
2023-08-11 13:02:12,847 INFO o.a.j.e.StandardJMeterEngine: Notifying test listeners of end of test
2023-08-11 13:02:12,848 INFO o.a.j.g.u.JMeterMenuBar: setRunning(false, *local*)
2023-08-11 13:03:03,133 INFO o.a.j.e.StandardJMeterEngine: Running the test!
2023-08-11 13:03:03,134 INFO o.a.j.s.SampleEvent: List of sample_variables: []
2023-08-11 13:03:03,134 INFO o.a.j.g.u.JMeterMenuBar: setRunning(true, *local*)
2023-08-11 13:03:03,138 INFO o.a.j.e.StandardJMeterEngine: Starting setUp thread groups
2023-08-11 13:03:03,139 INFO o.a.j.e.StandardJMeterEngine: Starting setUp ThreadGroup: 1 : test 
2023-08-11 13:03:03,139 INFO o.a.j.e.StandardJMeterEngine: Starting 10 threads for group test.
2023-08-11 13:03:03,139 INFO o.a.j.e.StandardJMeterEngine: Thread will continue on error
2023-08-11 13:03:03,139 INFO o.a.j.t.ThreadGroup: Starting thread group... number=1 threads=10 ramp-up=1 delayedStart=false
2023-08-11 13:03:03,140 INFO o.a.j.t.JMeterThread: Thread started: test 1-1
2023-08-11 13:03:03,144 INFO o.a.j.t.JMeterThread: Thread is done: test 1-1
2023-08-11 13:03:03,144 INFO o.a.j.t.JMeterThread: Thread finished: test 1-1
2023-08-11 13:03:03,145 INFO o.a.j.t.ThreadGroup: Started thread group number 1
2023-08-11 13:03:03,145 INFO o.a.j.e.StandardJMeterEngine: Waiting for all setup thread groups to exit
2023-08-11 13:03:03,243 INFO o.a.j.t.JMeterThread: Thread started: test 1-2
2023-08-11 13:03:03,245 INFO o.a.j.t.JMeterThread: Thread is done: test 1-2
2023-08-11 13:03:03,245 INFO o.a.j.t.JMeterThread: Thread finished: test 1-2
2023-08-11 13:03:03,341 INFO o.a.j.t.JMeterThread: Thread started: test 1-3
2023-08-11 13:03:03,344 INFO o.a.j.t.JMeterThread: Thread is done: test 1-3
2023-08-11 13:03:03,344 INFO o.a.j.t.JMeterThread: Thread finished: test 1-3
2023-08-11 13:03:03,441 INFO o.a.j.t.JMeterThread: Thread started: test 1-4
2023-08-11 13:03:03,443 INFO o.a.j.t.JMeterThread: Thread is done: test 1-4
2023-08-11 13:03:03,443 INFO o.a.j.t.JMeterThread: Thread finished: test 1-4
2023-08-11 13:03:03,540 INFO o.a.j.t.JMeterThread: Thread started: test 1-5
2023-08-11 13:03:03,543 INFO o.a.j.t.JMeterThread: Thread is done: test 1-5
2023-08-11 13:03:03,543 INFO o.a.j.t.JMeterThread: Thread finished: test 1-5
2023-08-11 13:03:03,641 INFO o.a.j.t.JMeterThread: Thread started: test 1-6
2023-08-11 13:03:03,643 INFO o.a.j.t.JMeterThread: Thread is done: test 1-6
2023-08-11 13:03:03,643 INFO o.a.j.t.JMeterThread: Thread finished: test 1-6
2023-08-11 13:03:03,742 INFO o.a.j.t.JMeterThread: Thread started: test 1-7
2023-08-11 13:03:03,744 INFO o.a.j.t.JMeterThread: Thread is done: test 1-7
2023-08-11 13:03:03,744 INFO o.a.j.t.JMeterThread: Thread finished: test 1-7
2023-08-11 13:03:03,842 INFO o.a.j.t.JMeterThread: Thread started: test 1-8
2023-08-11 13:03:03,845 INFO o.a.j.t.JMeterThread: Thread is done: test 1-8
2023-08-11 13:03:03,845 INFO o.a.j.t.JMeterThread: Thread finished: test 1-8
2023-08-11 13:03:03,941 INFO o.a.j.t.JMeterThread: Thread started: test 1-9
2023-08-11 13:03:03,942 INFO o.a.j.t.JMeterThread: Thread is done: test 1-9
2023-08-11 13:03:03,942 INFO o.a.j.t.JMeterThread: Thread finished: test 1-9
2023-08-11 13:03:04,042 INFO o.a.j.t.JMeterThread: Thread started: test 1-10
2023-08-11 13:03:04,043 INFO o.a.j.t.JMeterThread: Thread is done: test 1-10
2023-08-11 13:03:04,044 INFO o.a.j.t.JMeterThread: Thread finished: test 1-10
2023-08-11 13:03:04,044 INFO o.a.j.e.StandardJMeterEngine: All Setup Threads have ended
2023-08-11 13:03:04,083 INFO o.a.j.e.StandardJMeterEngine: No enabled thread groups found
2023-08-11 13:03:04,084 INFO o.a.j.e.StandardJMeterEngine: Notifying test listeners of end of test
2023-08-11 13:03:04,084 INFO o.a.j.g.u.JMeterMenuBar: setRunning(false, *local*)
2023-08-11 13:03:35,257 INFO o.a.j.e.StandardJMeterEngine: Running the test!
2023-08-11 13:03:35,257 INFO o.a.j.s.SampleEvent: List of sample_variables: []
2023-08-11 13:03:35,258 INFO o.a.j.g.u.JMeterMenuBar: setRunning(true, *local*)
2023-08-11 13:03:35,259 INFO o.a.j.e.StandardJMeterEngine: Starting setUp thread groups
2023-08-11 13:03:35,259 INFO o.a.j.e.StandardJMeterEngine: Starting setUp ThreadGroup: 1 : test 
2023-08-11 13:03:35,259 INFO o.a.j.e.StandardJMeterEngine: Starting 10 threads for group test.
2023-08-11 13:03:35,260 INFO o.a.j.e.StandardJMeterEngine: Thread will continue on error
2023-08-11 13:03:35,260 INFO o.a.j.t.ThreadGroup: Starting thread group... number=1 threads=10 ramp-up=1 delayedStart=false
2023-08-11 13:03:35,261 INFO o.a.j.t.JMeterThread: Thread started: test 1-1
2023-08-11 13:03:35,263 INFO o.a.j.t.JMeterThread: Thread is done: test 1-1
2023-08-11 13:03:35,263 INFO o.a.j.t.JMeterThread: Thread finished: test 1-1
2023-08-11 13:03:35,265 INFO o.a.j.t.ThreadGroup: Started thread group number 1
2023-08-11 13:03:35,265 INFO o.a.j.e.StandardJMeterEngine: Waiting for all setup thread groups to exit
2023-08-11 13:03:35,365 INFO o.a.j.t.JMeterThread: Thread started: test 1-2
2023-08-11 13:03:35,367 INFO o.a.j.t.JMeterThread: Thread is done: test 1-2
2023-08-11 13:03:35,367 INFO o.a.j.t.JMeterThread: Thread finished: test 1-2
2023-08-11 13:03:35,465 INFO o.a.j.t.JMeterThread: Thread started: test 1-3
2023-08-11 13:03:35,467 INFO o.a.j.t.JMeterThread: Thread is done: test 1-3
2023-08-11 13:03:35,467 INFO o.a.j.t.JMeterThread: Thread finished: test 1-3
2023-08-11 13:03:35,565 INFO o.a.j.t.JMeterThread: Thread started: test 1-4
2023-08-11 13:03:35,568 INFO o.a.j.t.JMeterThread: Thread is done: test 1-4
2023-08-11 13:03:35,568 INFO o.a.j.t.JMeterThread: Thread finished: test 1-4
2023-08-11 13:03:35,665 INFO o.a.j.t.JMeterThread: Thread started: test 1-5
2023-08-11 13:03:35,667 INFO o.a.j.t.JMeterThread: Thread is done: test 1-5
2023-08-11 13:03:35,667 INFO o.a.j.t.JMeterThread: Thread finished: test 1-5
2023-08-11 13:03:35,765 INFO o.a.j.t.JMeterThread: Thread started: test 1-6
2023-08-11 13:03:35,768 INFO o.a.j.t.JMeterThread: Thread is done: test 1-6
2023-08-11 13:03:35,768 INFO o.a.j.t.JMeterThread: Thread finished: test 1-6
2023-08-11 13:03:35,865 INFO o.a.j.t.JMeterThread: Thread started: test 1-7
2023-08-11 13:03:35,867 INFO o.a.j.t.JMeterThread: Thread is done: test 1-7
2023-08-11 13:03:35,867 INFO o.a.j.t.JMeterThread: Thread finished: test 1-7
2023-08-11 13:03:35,965 INFO o.a.j.t.JMeterThread: Thread started: test 1-8
2023-08-11 13:03:35,967 INFO o.a.j.t.JMeterThread: Thread is done: test 1-8
2023-08-11 13:03:35,967 INFO o.a.j.t.JMeterThread: Thread finished: test 1-8
2023-08-11 13:03:36,065 INFO o.a.j.t.JMeterThread: Thread started: test 1-9
2023-08-11 13:03:36,066 INFO o.a.j.t.JMeterThread: Thread is done: test 1-9
2023-08-11 13:03:36,067 INFO o.a.j.t.JMeterThread: Thread finished: test 1-9
2023-08-11 13:03:36,165 INFO o.a.j.t.JMeterThread: Thread started: test 1-10
2023-08-11 13:03:36,167 INFO o.a.j.t.JMeterThread: Thread is done: test 1-10
2023-08-11 13:03:36,167 INFO o.a.j.t.JMeterThread: Thread finished: test 1-10
2023-08-11 13:03:36,167 INFO o.a.j.e.StandardJMeterEngine: All Setup Threads have ended
2023-08-11 13:03:36,206 INFO o.a.j.e.StandardJMeterEngine: No enabled thread groups found
2023-08-11 13:03:36,207 INFO o.a.j.e.StandardJMeterEngine: Notifying test listeners of end of test
2023-08-11 13:03:36,207 INFO o.a.j.g.u.JMeterMenuBar: setRunning(false, *local*)
2023-08-11 13:03:53,085 INFO o.a.j.e.StandardJMeterEngine: Running the test!
2023-08-11 13:03:53,085 INFO o.a.j.s.SampleEvent: List of sample_variables: []
2023-08-11 13:03:53,086 INFO o.a.j.g.u.JMeterMenuBar: setRunning(true, *local*)
2023-08-11 13:03:53,089 INFO o.a.j.e.StandardJMeterEngine: Starting setUp thread groups
2023-08-11 13:03:53,089 INFO o.a.j.e.StandardJMeterEngine: Starting setUp ThreadGroup: 1 : test 
2023-08-11 13:03:53,089 INFO o.a.j.e.StandardJMeterEngine: Starting 1 threads for group test.
2023-08-11 13:03:53,089 INFO o.a.j.e.StandardJMeterEngine: Thread will continue on error
2023-08-11 13:03:53,090 INFO o.a.j.t.ThreadGroup: Starting thread group... number=1 threads=1 ramp-up=1 delayedStart=false
2023-08-11 13:03:53,090 INFO o.a.j.t.ThreadGroup: Started thread group number 1
2023-08-11 13:03:53,090 INFO o.a.j.e.StandardJMeterEngine: Waiting for all setup thread groups to exit
2023-08-11 13:03:53,091 INFO o.a.j.t.JMeterThread: Thread started: test 1-1
2023-08-11 13:03:53,092 INFO o.a.j.t.JMeterThread: Thread is done: test 1-1
2023-08-11 13:03:53,092 INFO o.a.j.t.JMeterThread: Thread finished: test 1-1
2023-08-11 13:03:53,093 INFO o.a.j.e.StandardJMeterEngine: All Setup Threads have ended
2023-08-11 13:03:53,133 INFO o.a.j.e.StandardJMeterEngine: No enabled thread groups found
2023-08-11 13:03:53,134 INFO o.a.j.e.StandardJMeterEngine: Notifying test listeners of end of test
2023-08-11 13:03:53,134 INFO o.a.j.g.u.JMeterMenuBar: setRunning(false, *local*)
2023-08-11 13:04:29,441 INFO o.a.j.e.StandardJMeterEngine: Running the test!
2023-08-11 13:04:29,442 INFO o.a.j.s.SampleEvent: List of sample_variables: []
2023-08-11 13:04:29,443 INFO o.a.j.g.u.JMeterMenuBar: setRunning(true, *local*)
2023-08-11 13:04:29,443 INFO o.a.j.e.StandardJMeterEngine: Starting setUp thread groups
2023-08-11 13:04:29,443 INFO o.a.j.e.StandardJMeterEngine: Starting setUp ThreadGroup: 1 : test 
2023-08-11 13:04:29,444 INFO o.a.j.e.StandardJMeterEngine: Starting 1 threads for group test.
2023-08-11 13:04:29,444 INFO o.a.j.e.StandardJMeterEngine: Thread will continue on error
2023-08-11 13:04:29,444 INFO o.a.j.t.ThreadGroup: Starting thread group... number=1 threads=1 ramp-up=1 delayedStart=false
2023-08-11 13:04:29,444 INFO o.a.j.t.ThreadGroup: Started thread group number 1
2023-08-11 13:04:29,445 INFO o.a.j.e.StandardJMeterEngine: Waiting for all setup thread groups to exit
2023-08-11 13:04:29,445 INFO o.a.j.t.JMeterThread: Thread started: test 1-1
2023-08-11 13:04:29,446 INFO o.a.j.t.JMeterThread: Thread is done: test 1-1
2023-08-11 13:04:29,446 INFO o.a.j.t.JMeterThread: Thread finished: test 1-1
2023-08-11 13:04:29,446 INFO o.a.j.e.StandardJMeterEngine: All Setup Threads have ended
2023-08-11 13:04:29,491 INFO o.a.j.e.StandardJMeterEngine: No enabled thread groups found
2023-08-11 13:04:29,491 INFO o.a.j.e.StandardJMeterEngine: Notifying test listeners of end of test
2023-08-11 13:04:29,491 INFO o.a.j.g.u.JMeterMenuBar: setRunning(false, *local*)
2023-08-11 13:04:35,242 INFO o.a.j.e.StandardJMeterEngine: Running the test!
2023-08-11 13:04:35,243 INFO o.a.j.s.SampleEvent: List of sample_variables: []
2023-08-11 13:04:35,243 INFO o.a.j.g.u.JMeterMenuBar: setRunning(true, *local*)
2023-08-11 13:04:35,244 INFO o.a.j.e.StandardJMeterEngine: Starting setUp thread groups
2023-08-11 13:04:35,244 INFO o.a.j.e.StandardJMeterEngine: Starting setUp ThreadGroup: 1 : test 
2023-08-11 13:04:35,244 INFO o.a.j.e.StandardJMeterEngine: Starting 1 threads for group test.
2023-08-11 13:04:35,244 INFO o.a.j.e.StandardJMeterEngine: Thread will continue on error
2023-08-11 13:04:35,244 INFO o.a.j.t.ThreadGroup: Starting thread group... number=1 threads=1 ramp-up=1 delayedStart=false
2023-08-11 13:04:35,245 INFO o.a.j.t.ThreadGroup: Started thread group number 1
2023-08-11 13:04:35,245 INFO o.a.j.e.StandardJMeterEngine: Waiting for all setup thread groups to exit
2023-08-11 13:04:35,245 INFO o.a.j.t.JMeterThread: Thread started: test 1-1
2023-08-11 13:04:35,246 INFO o.a.j.t.JMeterThread: Thread is done: test 1-1
2023-08-11 13:04:35,246 INFO o.a.j.t.JMeterThread: Thread finished: test 1-1
2023-08-11 13:04:35,247 INFO o.a.j.e.StandardJMeterEngine: All Setup Threads have ended
2023-08-11 13:04:35,288 INFO o.a.j.e.StandardJMeterEngine: No enabled thread groups found
2023-08-11 13:04:35,288 INFO o.a.j.e.StandardJMeterEngine: Notifying test listeners of end of test
2023-08-11 13:04:35,288 INFO o.a.j.g.u.JMeterMenuBar: setRunning(false, *local*)
2023-08-11 13:04:55,865 INFO o.a.j.r.ClassFinder: Will scan jar /usr/local/Cellar/jmeter/5.6.2/libexec/lib/ext/jmeter-plugins-manager-1.9.jar with filter ExtendsClassFilter [parents=[interface org.apache.jmeter.visualizers.ResultRenderer], inner=false, contains=null, notContains=null]. Consider exposing JMeter plugins via META-INF/services, and add JMeter-Skip-Class-Scanning=true manifest attribute so JMeter can skip classfile scanning
2023-08-11 13:04:55,882 INFO o.a.j.r.ClassFinder: Will scan jar /usr/local/Cellar/jmeter/5.6.2/libexec/lib/ext/jmeter-plugins-manager-1.9.jar with filter ExtendsClassFilter [parents=[interface org.apache.jmeter.visualizers.RequestView], inner=false, contains=null, notContains=null]. Consider exposing JMeter plugins via META-INF/services, and add JMeter-Skip-Class-Scanning=true manifest attribute so JMeter can skip classfile scanning
2023-08-11 13:04:59,533 INFO o.a.j.e.StandardJMeterEngine: Running the test!
2023-08-11 13:04:59,534 INFO o.a.j.s.SampleEvent: List of sample_variables: []
2023-08-11 13:04:59,535 INFO o.a.j.g.u.JMeterMenuBar: setRunning(true, *local*)
2023-08-11 13:04:59,536 INFO o.a.j.e.StandardJMeterEngine: Starting setUp thread groups
2023-08-11 13:04:59,536 INFO o.a.j.e.StandardJMeterEngine: Starting setUp ThreadGroup: 1 : test 
2023-08-11 13:04:59,536 INFO o.a.j.e.StandardJMeterEngine: Starting 1 threads for group test.
2023-08-11 13:04:59,536 INFO o.a.j.e.StandardJMeterEngine: Thread will continue on error
2023-08-11 13:04:59,536 INFO o.a.j.t.ThreadGroup: Starting thread group... number=1 threads=1 ramp-up=1 delayedStart=false
2023-08-11 13:04:59,536 INFO o.a.j.t.ThreadGroup: Started thread group number 1
2023-08-11 13:04:59,537 INFO o.a.j.e.StandardJMeterEngine: Waiting for all setup thread groups to exit
2023-08-11 13:04:59,537 INFO o.a.j.t.JMeterThread: Thread started: test 1-1
2023-08-11 13:04:59,539 INFO o.a.j.t.JMeterThread: Thread is done: test 1-1
2023-08-11 13:04:59,540 INFO o.a.j.t.JMeterThread: Thread finished: test 1-1
2023-08-11 13:04:59,540 INFO o.a.j.e.StandardJMeterEngine: All Setup Threads have ended
2023-08-11 13:04:59,584 INFO o.a.j.e.StandardJMeterEngine: No enabled thread groups found
2023-08-11 13:04:59,584 INFO o.a.j.e.StandardJMeterEngine: Notifying test listeners of end of test
2023-08-11 13:04:59,584 INFO o.a.j.g.u.JMeterMenuBar: setRunning(false, *local*)
2023-08-11 13:05:09,487 INFO o.a.j.r.ClassFinder: Will scan jar /usr/local/Cellar/jmeter/5.6.2/libexec/lib/ext/jmeter-plugins-manager-1.9.jar with filter ExtendsClassFilter [parents=[interface org.apache.jmeter.visualizers.RequestView], inner=false, contains=null, notContains=null]. Consider exposing JMeter plugins via META-INF/services, and add JMeter-Skip-Class-Scanning=true manifest attribute so JMeter can skip classfile scanning
2023-08-11 13:05:31,248 INFO o.a.j.e.StandardJMeterEngine: Running the test!
2023-08-11 13:05:31,248 INFO o.a.j.s.SampleEvent: List of sample_variables: []
2023-08-11 13:05:31,249 INFO o.a.j.g.u.JMeterMenuBar: setRunning(true, *local*)
2023-08-11 13:05:31,252 INFO o.a.j.e.StandardJMeterEngine: Starting setUp thread groups
2023-08-11 13:05:31,252 INFO o.a.j.e.StandardJMeterEngine: Starting setUp ThreadGroup: 1 : test 
2023-08-11 13:05:31,253 INFO o.a.j.e.StandardJMeterEngine: Starting 1 threads for group test.
2023-08-11 13:05:31,253 INFO o.a.j.e.StandardJMeterEngine: Thread will continue on error
2023-08-11 13:05:31,253 INFO o.a.j.t.ThreadGroup: Starting thread group... number=1 threads=1 ramp-up=1 delayedStart=false
2023-08-11 13:05:31,253 INFO o.a.j.t.ThreadGroup: Started thread group number 1
2023-08-11 13:05:31,254 INFO o.a.j.e.StandardJMeterEngine: Waiting for all setup thread groups to exit
2023-08-11 13:05:31,254 INFO o.a.j.t.JMeterThread: Thread started: test 1-1
2023-08-11 13:05:31,255 INFO o.a.j.t.JMeterThread: Thread is done: test 1-1
2023-08-11 13:05:31,255 INFO o.a.j.t.JMeterThread: Thread finished: test 1-1
2023-08-11 13:05:31,255 INFO o.a.j.e.StandardJMeterEngine: All Setup Threads have ended
2023-08-11 13:05:31,298 INFO o.a.j.e.StandardJMeterEngine: No enabled thread groups found
2023-08-11 13:05:31,299 INFO o.a.j.e.StandardJMeterEngine: Notifying test listeners of end of test
2023-08-11 13:05:31,299 INFO o.a.j.g.u.JMeterMenuBar: setRunning(false, *local*)
2023-08-11 13:05:51,504 INFO o.a.j.e.StandardJMeterEngine: Running the test!
2023-08-11 13:05:51,505 INFO o.a.j.s.SampleEvent: List of sample_variables: []
2023-08-11 13:05:51,506 INFO o.a.j.g.u.JMeterMenuBar: setRunning(true, *local*)
2023-08-11 13:05:51,506 INFO o.a.j.e.StandardJMeterEngine: Starting setUp thread groups
2023-08-11 13:05:51,506 INFO o.a.j.e.StandardJMeterEngine: Starting setUp ThreadGroup: 1 : test 
2023-08-11 13:05:51,506 INFO o.a.j.e.StandardJMeterEngine: Starting 1 threads for group test.
2023-08-11 13:05:51,506 INFO o.a.j.e.StandardJMeterEngine: Thread will continue on error
2023-08-11 13:05:51,507 INFO o.a.j.t.ThreadGroup: Starting thread group... number=1 threads=1 ramp-up=1 delayedStart=false
2023-08-11 13:05:51,508 INFO o.a.j.t.ThreadGroup: Started thread group number 1
2023-08-11 13:05:51,508 INFO o.a.j.e.StandardJMeterEngine: Waiting for all setup thread groups to exit
2023-08-11 13:05:51,508 INFO o.a.j.t.JMeterThread: Thread started: test 1-1
2023-08-11 13:05:51,517 INFO o.a.j.p.h.s.HTTPHCAbstractImpl: Local host = localhost.local
2023-08-11 13:05:51,527 INFO o.a.j.p.h.s.HTTPHC4Impl: HTTP request retry count = 0
2023-08-11 13:05:51,614 INFO o.a.j.t.JMeterThread: Thread is done: test 1-1
2023-08-11 13:05:51,614 INFO o.a.j.t.JMeterThread: Thread finished: test 1-1
2023-08-11 13:05:51,614 INFO o.a.j.e.StandardJMeterEngine: All Setup Threads have ended
2023-08-11 13:05:51,658 INFO o.a.j.e.StandardJMeterEngine: No enabled thread groups found
2023-08-11 13:05:51,659 INFO o.a.j.e.StandardJMeterEngine: Notifying test listeners of end of test
2023-08-11 13:05:51,659 INFO o.a.j.g.u.JMeterMenuBar: setRunning(false, *local*)
2023-08-11 13:06:20,939 INFO o.a.j.e.StandardJMeterEngine: Running the test!
2023-08-11 13:06:20,939 INFO o.a.j.s.SampleEvent: List of sample_variables: []
2023-08-11 13:06:20,940 INFO o.a.j.g.u.JMeterMenuBar: setRunning(true, *local*)
2023-08-11 13:06:20,941 INFO o.a.j.e.StandardJMeterEngine: Starting setUp thread groups
2023-08-11 13:06:20,941 INFO o.a.j.e.StandardJMeterEngine: Starting setUp ThreadGroup: 1 : test 
2023-08-11 13:06:20,941 INFO o.a.j.e.StandardJMeterEngine: Starting 1 threads for group test.
2023-08-11 13:06:20,941 INFO o.a.j.e.StandardJMeterEngine: Thread will continue on error
2023-08-11 13:06:20,941 INFO o.a.j.t.ThreadGroup: Starting thread group... number=1 threads=1 ramp-up=1 delayedStart=false
2023-08-11 13:06:20,942 INFO o.a.j.t.ThreadGroup: Started thread group number 1
2023-08-11 13:06:20,942 INFO o.a.j.e.StandardJMeterEngine: Waiting for all setup thread groups to exit
2023-08-11 13:06:20,942 INFO o.a.j.t.JMeterThread: Thread started: test 1-1
2023-08-11 13:06:20,944 INFO o.a.j.t.JMeterThread: Thread is done: test 1-1
2023-08-11 13:06:20,945 INFO o.a.j.t.JMeterThread: Thread finished: test 1-1
2023-08-11 13:06:20,945 INFO o.a.j.e.StandardJMeterEngine: All Setup Threads have ended
2023-08-11 13:06:20,986 INFO o.a.j.e.StandardJMeterEngine: No enabled thread groups found
2023-08-11 13:06:20,986 INFO o.a.j.e.StandardJMeterEngine: Notifying test listeners of end of test
2023-08-11 13:06:20,986 INFO o.a.j.g.u.JMeterMenuBar: setRunning(false, *local*)
2023-08-11 13:06:38,920 INFO o.a.j.e.StandardJMeterEngine: Running the test!
2023-08-11 13:06:38,921 INFO o.a.j.s.SampleEvent: List of sample_variables: []
2023-08-11 13:06:38,921 INFO o.a.j.g.u.JMeterMenuBar: setRunning(true, *local*)
2023-08-11 13:06:38,922 INFO o.a.j.e.StandardJMeterEngine: Starting setUp thread groups
2023-08-11 13:06:38,922 INFO o.a.j.e.StandardJMeterEngine: Starting setUp ThreadGroup: 1 : test 
2023-08-11 13:06:38,922 INFO o.a.j.e.StandardJMeterEngine: Starting 1 threads for group test.
2023-08-11 13:06:38,922 INFO o.a.j.e.StandardJMeterEngine: Thread will continue on error
2023-08-11 13:06:38,922 INFO o.a.j.t.ThreadGroup: Starting thread group... number=1 threads=1 ramp-up=1 delayedStart=false
2023-08-11 13:06:38,923 INFO o.a.j.t.ThreadGroup: Started thread group number 1
2023-08-11 13:06:38,923 INFO o.a.j.e.StandardJMeterEngine: Waiting for all setup thread groups to exit
2023-08-11 13:06:38,923 INFO o.a.j.t.JMeterThread: Thread started: test 1-1
2023-08-11 13:06:38,925 INFO o.a.j.t.JMeterThread: Thread is done: test 1-1
2023-08-11 13:06:38,925 INFO o.a.j.t.JMeterThread: Thread finished: test 1-1
2023-08-11 13:06:38,926 INFO o.a.j.e.StandardJMeterEngine: All Setup Threads have ended
2023-08-11 13:06:38,969 INFO o.a.j.e.StandardJMeterEngine: No enabled thread groups found
2023-08-11 13:06:38,969 INFO o.a.j.e.StandardJMeterEngine: Notifying test listeners of end of test
2023-08-11 13:06:38,969 INFO o.a.j.g.u.JMeterMenuBar: setRunning(false, *local*)
2023-08-11 13:07:05,727 INFO o.a.j.e.StandardJMeterEngine: Running the test!
2023-08-11 13:07:05,728 INFO o.a.j.s.SampleEvent: List of sample_variables: []
2023-08-11 13:07:05,728 INFO o.a.j.g.u.JMeterMenuBar: setRunning(true, *local*)
2023-08-11 13:07:05,729 INFO o.a.j.e.StandardJMeterEngine: Starting setUp thread groups
2023-08-11 13:07:05,729 INFO o.a.j.e.StandardJMeterEngine: Starting setUp ThreadGroup: 1 : test 
2023-08-11 13:07:05,729 INFO o.a.j.e.StandardJMeterEngine: Starting 1 threads for group test.
2023-08-11 13:07:05,729 INFO o.a.j.e.StandardJMeterEngine: Thread will continue on error
2023-08-11 13:07:05,729 INFO o.a.j.t.ThreadGroup: Starting thread group... number=1 threads=1 ramp-up=1 delayedStart=false
2023-08-11 13:07:05,730 INFO o.a.j.t.ThreadGroup: Started thread group number 1
2023-08-11 13:07:05,730 INFO o.a.j.e.StandardJMeterEngine: Waiting for all setup thread groups to exit
2023-08-11 13:07:05,730 INFO o.a.j.t.JMeterThread: Thread started: test 1-1
2023-08-11 13:07:05,731 INFO o.a.j.t.JMeterThread: Thread is done: test 1-1
2023-08-11 13:07:05,732 INFO o.a.j.t.JMeterThread: Thread finished: test 1-1
2023-08-11 13:07:05,732 INFO o.a.j.e.StandardJMeterEngine: All Setup Threads have ended
2023-08-11 13:07:05,774 INFO o.a.j.e.StandardJMeterEngine: No enabled thread groups found
2023-08-11 13:07:05,774 INFO o.a.j.e.StandardJMeterEngine: Notifying test listeners of end of test
2023-08-11 13:07:05,774 INFO o.a.j.g.u.JMeterMenuBar: setRunning(false, *local*)
2023-08-11 13:07:18,750 INFO o.a.j.e.StandardJMeterEngine: Running the test!
2023-08-11 13:07:18,751 INFO o.a.j.s.SampleEvent: List of sample_variables: []
2023-08-11 13:07:18,751 INFO o.a.j.g.u.JMeterMenuBar: setRunning(true, *local*)
2023-08-11 13:07:18,752 INFO o.a.j.e.StandardJMeterEngine: Starting setUp thread groups
2023-08-11 13:07:18,752 INFO o.a.j.e.StandardJMeterEngine: Starting setUp ThreadGroup: 1 : test 
2023-08-11 13:07:18,752 INFO o.a.j.e.StandardJMeterEngine: Starting 1 threads for group test.
2023-08-11 13:07:18,752 INFO o.a.j.e.StandardJMeterEngine: Thread will continue on error
2023-08-11 13:07:18,752 INFO o.a.j.t.ThreadGroup: Starting thread group... number=1 threads=1 ramp-up=1 delayedStart=false
2023-08-11 13:07:18,753 INFO o.a.j.t.ThreadGroup: Started thread group number 1
2023-08-11 13:07:18,753 INFO o.a.j.e.StandardJMeterEngine: Waiting for all setup thread groups to exit
2023-08-11 13:07:18,753 INFO o.a.j.t.JMeterThread: Thread started: test 1-1
2023-08-11 13:08:33,800 INFO o.a.j.t.JMeterThread: Thread is done: test 1-1
2023-08-11 13:08:33,800 INFO o.a.j.t.JMeterThread: Thread finished: test 1-1
2023-08-11 13:08:33,800 INFO o.a.j.e.StandardJMeterEngine: All Setup Threads have ended
2023-08-11 13:08:33,846 INFO o.a.j.e.StandardJMeterEngine: No enabled thread groups found
2023-08-11 13:08:33,846 INFO o.a.j.e.StandardJMeterEngine: Notifying test listeners of end of test
2023-08-11 13:08:33,846 INFO o.a.j.g.u.JMeterMenuBar: setRunning(false, *local*)
2023-08-11 13:09:18,623 INFO o.a.j.e.StandardJMeterEngine: Running the test!
2023-08-11 13:09:18,623 INFO o.a.j.s.SampleEvent: List of sample_variables: []
2023-08-11 13:09:18,624 INFO o.a.j.g.u.JMeterMenuBar: setRunning(true, *local*)
2023-08-11 13:09:18,625 INFO o.a.j.e.StandardJMeterEngine: Starting setUp thread groups
2023-08-11 13:09:18,625 INFO o.a.j.e.StandardJMeterEngine: Starting setUp ThreadGroup: 1 : test 
2023-08-11 13:09:18,625 INFO o.a.j.e.StandardJMeterEngine: Starting 1 threads for group test.
2023-08-11 13:09:18,625 INFO o.a.j.e.StandardJMeterEngine: Thread will continue on error
2023-08-11 13:09:18,625 INFO o.a.j.t.ThreadGroup: Starting thread group... number=1 threads=1 ramp-up=1 delayedStart=false
2023-08-11 13:09:18,626 INFO o.a.j.t.ThreadGroup: Started thread group number 1
2023-08-11 13:09:18,626 INFO o.a.j.e.StandardJMeterEngine: Waiting for all setup thread groups to exit
2023-08-11 13:09:18,626 INFO o.a.j.t.JMeterThread: Thread started: test 1-1
2023-08-11 13:09:18,670 INFO o.a.j.t.JMeterThread: Thread is done: test 1-1
2023-08-11 13:09:18,670 INFO o.a.j.t.JMeterThread: Thread finished: test 1-1
2023-08-11 13:09:18,670 INFO o.a.j.e.StandardJMeterEngine: All Setup Threads have ended
2023-08-11 13:09:18,711 INFO o.a.j.e.StandardJMeterEngine: No enabled thread groups found
2023-08-11 13:09:18,711 INFO o.a.j.e.StandardJMeterEngine: Notifying test listeners of end of test
2023-08-11 13:09:18,711 INFO o.a.j.g.u.JMeterMenuBar: setRunning(false, *local*)
2023-08-11 13:09:47,603 INFO o.a.j.e.StandardJMeterEngine: Running the test!
2023-08-11 13:09:47,604 INFO o.a.j.s.SampleEvent: List of sample_variables: []
2023-08-11 13:09:47,604 INFO o.a.j.g.u.JMeterMenuBar: setRunning(true, *local*)
2023-08-11 13:09:47,605 INFO o.a.j.e.StandardJMeterEngine: Starting setUp thread groups
2023-08-11 13:09:47,605 INFO o.a.j.e.StandardJMeterEngine: Starting setUp ThreadGroup: 1 : test 
2023-08-11 13:09:47,605 INFO o.a.j.e.StandardJMeterEngine: Starting 1 threads for group test.
2023-08-11 13:09:47,605 INFO o.a.j.e.StandardJMeterEngine: Thread will continue on error
2023-08-11 13:09:47,605 INFO o.a.j.t.ThreadGroup: Starting thread group... number=1 threads=1 ramp-up=1 delayedStart=false
2023-08-11 13:09:47,606 INFO o.a.j.t.ThreadGroup: Started thread group number 1
2023-08-11 13:09:47,606 INFO o.a.j.e.StandardJMeterEngine: Waiting for all setup thread groups to exit
2023-08-11 13:09:47,606 INFO o.a.j.t.JMeterThread: Thread started: test 1-1
2023-08-11 13:09:47,610 INFO o.a.j.t.JMeterThread: Thread is done: test 1-1
2023-08-11 13:09:47,610 INFO o.a.j.t.JMeterThread: Thread finished: test 1-1
2023-08-11 13:09:47,610 INFO o.a.j.e.StandardJMeterEngine: All Setup Threads have ended
2023-08-11 13:09:47,653 INFO o.a.j.e.StandardJMeterEngine: No enabled thread groups found
2023-08-11 13:09:47,653 INFO o.a.j.e.StandardJMeterEngine: Notifying test listeners of end of test
2023-08-11 13:09:47,653 INFO o.a.j.g.u.JMeterMenuBar: setRunning(false, *local*)
2023-08-11 13:10:49,290 INFO o.a.j.e.StandardJMeterEngine: Running the test!
2023-08-11 13:10:49,291 INFO o.a.j.s.SampleEvent: List of sample_variables: []
2023-08-11 13:10:49,291 INFO o.a.j.g.u.JMeterMenuBar: setRunning(true, *local*)
2023-08-11 13:10:49,292 INFO o.a.j.e.StandardJMeterEngine: Starting setUp thread groups
2023-08-11 13:10:49,292 INFO o.a.j.e.StandardJMeterEngine: Starting setUp ThreadGroup: 1 : test 
2023-08-11 13:10:49,292 INFO o.a.j.e.StandardJMeterEngine: Starting 1 threads for group test.
2023-08-11 13:10:49,292 INFO o.a.j.e.StandardJMeterEngine: Thread will continue on error
2023-08-11 13:10:49,292 INFO o.a.j.t.ThreadGroup: Starting thread group... number=1 threads=1 ramp-up=1 delayedStart=false
2023-08-11 13:10:49,293 INFO o.a.j.t.ThreadGroup: Started thread group number 1
2023-08-11 13:10:49,293 INFO o.a.j.e.StandardJMeterEngine: Waiting for all setup thread groups to exit
2023-08-11 13:10:49,293 INFO o.a.j.t.JMeterThread: Thread started: test 1-1
2023-08-11 13:10:49,297 INFO o.a.j.t.JMeterThread: Thread is done: test 1-1
2023-08-11 13:10:49,297 INFO o.a.j.t.JMeterThread: Thread finished: test 1-1
2023-08-11 13:10:49,297 INFO o.a.j.e.StandardJMeterEngine: All Setup Threads have ended
2023-08-11 13:10:49,343 INFO o.a.j.e.StandardJMeterEngine: No enabled thread groups found
2023-08-11 13:10:49,343 INFO o.a.j.e.StandardJMeterEngine: Notifying test listeners of end of test
2023-08-11 13:10:49,343 INFO o.a.j.g.u.JMeterMenuBar: setRunning(false, *local*)
2023-08-11 13:12:11,665 INFO o.a.j.e.StandardJMeterEngine: Running the test!
2023-08-11 13:12:11,665 INFO o.a.j.s.SampleEvent: List of sample_variables: []
2023-08-11 13:12:11,665 INFO o.a.j.g.u.JMeterMenuBar: setRunning(true, *local*)
2023-08-11 13:12:11,669 INFO o.a.j.e.StandardJMeterEngine: Starting setUp thread groups
2023-08-11 13:12:11,669 INFO o.a.j.e.StandardJMeterEngine: Starting setUp ThreadGroup: 1 : test 
2023-08-11 13:12:11,670 INFO o.a.j.e.StandardJMeterEngine: Starting 1 threads for group test.
2023-08-11 13:12:11,670 INFO o.a.j.e.StandardJMeterEngine: Thread will continue on error
2023-08-11 13:12:11,670 INFO o.a.j.t.ThreadGroup: Starting thread group... number=1 threads=1 ramp-up=1 delayedStart=false
2023-08-11 13:12:11,670 INFO o.a.j.t.ThreadGroup: Started thread group number 1
2023-08-11 13:12:11,670 INFO o.a.j.e.StandardJMeterEngine: Waiting for all setup thread groups to exit
2023-08-11 13:12:11,670 INFO o.a.j.t.JMeterThread: Thread started: test 1-1
2023-08-11 13:12:11,671 INFO o.a.j.t.JMeterThread: Thread is done: test 1-1
2023-08-11 13:12:11,671 INFO o.a.j.t.JMeterThread: Thread finished: test 1-1
2023-08-11 13:12:11,672 INFO o.a.j.e.StandardJMeterEngine: All Setup Threads have ended
2023-08-11 13:12:11,717 INFO o.a.j.e.StandardJMeterEngine: No enabled thread groups found
2023-08-11 13:12:11,717 INFO o.a.j.e.StandardJMeterEngine: Notifying test listeners of end of test
2023-08-11 13:12:11,717 INFO o.a.j.g.u.JMeterMenuBar: setRunning(false, *local*)
2023-08-11 13:12:39,828 INFO o.a.j.e.StandardJMeterEngine: Running the test!
2023-08-11 13:12:39,828 INFO o.a.j.s.SampleEvent: List of sample_variables: []
2023-08-11 13:12:39,829 INFO o.a.j.g.u.JMeterMenuBar: setRunning(true, *local*)
2023-08-11 13:12:39,829 INFO o.a.j.e.StandardJMeterEngine: Starting setUp thread groups
2023-08-11 13:12:39,829 INFO o.a.j.e.StandardJMeterEngine: Starting setUp ThreadGroup: 1 : test 
2023-08-11 13:12:39,829 INFO o.a.j.e.StandardJMeterEngine: Starting 1 threads for group test.
2023-08-11 13:12:39,829 INFO o.a.j.e.StandardJMeterEngine: Thread will continue on error
2023-08-11 13:12:39,829 INFO o.a.j.t.ThreadGroup: Starting thread group... number=1 threads=1 ramp-up=1 delayedStart=false
2023-08-11 13:12:39,830 INFO o.a.j.t.ThreadGroup: Started thread group number 1
2023-08-11 13:12:39,830 INFO o.a.j.e.StandardJMeterEngine: Waiting for all setup thread groups to exit
2023-08-11 13:12:39,830 INFO o.a.j.t.JMeterThread: Thread started: test 1-1
2023-08-11 13:12:39,831 INFO o.a.j.t.JMeterThread: Thread is done: test 1-1
2023-08-11 13:12:39,832 INFO o.a.j.t.JMeterThread: Thread finished: test 1-1
2023-08-11 13:12:39,832 INFO o.a.j.e.StandardJMeterEngine: All Setup Threads have ended
2023-08-11 13:12:39,880 INFO o.a.j.e.StandardJMeterEngine: No enabled thread groups found
2023-08-11 13:12:39,880 INFO o.a.j.e.StandardJMeterEngine: Notifying test listeners of end of test
2023-08-11 13:12:39,880 INFO o.a.j.g.u.JMeterMenuBar: setRunning(false, *local*)
2023-08-11 13:12:52,062 INFO o.a.j.e.StandardJMeterEngine: Running the test!
2023-08-11 13:12:52,062 INFO o.a.j.s.SampleEvent: List of sample_variables: []
2023-08-11 13:12:52,063 INFO o.a.j.g.u.JMeterMenuBar: setRunning(true, *local*)
2023-08-11 13:12:52,063 INFO o.a.j.e.StandardJMeterEngine: Starting setUp thread groups
2023-08-11 13:12:52,063 INFO o.a.j.e.StandardJMeterEngine: Starting setUp ThreadGroup: 1 : test 
2023-08-11 13:12:52,063 INFO o.a.j.e.StandardJMeterEngine: Starting 1 threads for group test.
2023-08-11 13:12:52,063 INFO o.a.j.e.StandardJMeterEngine: Thread will continue on error
2023-08-11 13:12:52,064 INFO o.a.j.t.ThreadGroup: Starting thread group... number=1 threads=1 ramp-up=1 delayedStart=false
2023-08-11 13:12:52,064 INFO o.a.j.t.ThreadGroup: Started thread group number 1
2023-08-11 13:12:52,064 INFO o.a.j.e.StandardJMeterEngine: Waiting for all setup thread groups to exit
2023-08-11 13:12:52,064 INFO o.a.j.t.JMeterThread: Thread started: test 1-1
2023-08-11 13:12:52,065 INFO o.a.j.t.JMeterThread: Thread is done: test 1-1
2023-08-11 13:12:52,066 INFO o.a.j.t.JMeterThread: Thread finished: test 1-1
2023-08-11 13:12:52,066 INFO o.a.j.e.StandardJMeterEngine: All Setup Threads have ended
2023-08-11 13:12:52,110 INFO o.a.j.e.StandardJMeterEngine: No enabled thread groups found
2023-08-11 13:12:52,111 INFO o.a.j.e.StandardJMeterEngine: Notifying test listeners of end of test
2023-08-11 13:12:52,111 INFO o.a.j.g.u.JMeterMenuBar: setRunning(false, *local*)
2023-08-11 13:13:04,951 INFO o.a.j.e.StandardJMeterEngine: Running the test!
2023-08-11 13:13:04,951 INFO o.a.j.s.SampleEvent: List of sample_variables: []
2023-08-11 13:13:04,952 INFO o.a.j.g.u.JMeterMenuBar: setRunning(true, *local*)
2023-08-11 13:13:04,952 INFO o.a.j.e.StandardJMeterEngine: Starting setUp thread groups
2023-08-11 13:13:04,952 INFO o.a.j.e.StandardJMeterEngine: Starting setUp ThreadGroup: 1 : test 
2023-08-11 13:13:04,952 INFO o.a.j.e.StandardJMeterEngine: Starting 1 threads for group test.
2023-08-11 13:13:04,952 INFO o.a.j.e.StandardJMeterEngine: Thread will continue on error
2023-08-11 13:13:04,952 INFO o.a.j.t.ThreadGroup: Starting thread group... number=1 threads=1 ramp-up=1 delayedStart=false
2023-08-11 13:13:04,953 INFO o.a.j.t.ThreadGroup: Started thread group number 1
2023-08-11 13:13:04,953 INFO o.a.j.e.StandardJMeterEngine: Waiting for all setup thread groups to exit
2023-08-11 13:13:04,953 INFO o.a.j.t.JMeterThread: Thread started: test 1-1
2023-08-11 13:14:19,988 INFO o.a.j.t.JMeterThread: Thread is done: test 1-1
2023-08-11 13:14:19,988 INFO o.a.j.t.JMeterThread: Thread finished: test 1-1
2023-08-11 13:14:19,988 INFO o.a.j.e.StandardJMeterEngine: All Setup Threads have ended
2023-08-11 13:14:20,039 INFO o.a.j.e.StandardJMeterEngine: No enabled thread groups found
2023-08-11 13:14:20,039 INFO o.a.j.e.StandardJMeterEngine: Notifying test listeners of end of test
2023-08-11 13:14:20,040 INFO o.a.j.g.u.JMeterMenuBar: setRunning(false, *local*)
2023-08-11 13:14:50,567 INFO o.a.j.e.StandardJMeterEngine: Running the test!
2023-08-11 13:14:50,567 INFO o.a.j.s.SampleEvent: List of sample_variables: []
2023-08-11 13:14:50,568 INFO o.a.j.g.u.JMeterMenuBar: setRunning(true, *local*)
2023-08-11 13:14:50,568 INFO o.a.j.e.StandardJMeterEngine: Starting setUp thread groups
2023-08-11 13:14:50,568 INFO o.a.j.e.StandardJMeterEngine: Starting setUp ThreadGroup: 1 : test 
2023-08-11 13:14:50,568 INFO o.a.j.e.StandardJMeterEngine: Starting 1 threads for group test.
2023-08-11 13:14:50,568 INFO o.a.j.e.StandardJMeterEngine: Thread will continue on error
2023-08-11 13:14:50,568 INFO o.a.j.t.ThreadGroup: Starting thread group... number=1 threads=1 ramp-up=1 delayedStart=false
2023-08-11 13:14:50,569 INFO o.a.j.t.ThreadGroup: Started thread group number 1
2023-08-11 13:14:50,569 INFO o.a.j.e.StandardJMeterEngine: Waiting for all setup thread groups to exit
2023-08-11 13:14:50,569 INFO o.a.j.t.JMeterThread: Thread started: test 1-1
2023-08-11 13:16:05,573 INFO o.a.j.t.JMeterThread: Thread is done: test 1-1
2023-08-11 13:16:05,573 INFO o.a.j.t.JMeterThread: Thread finished: test 1-1
2023-08-11 13:16:05,573 INFO o.a.j.e.StandardJMeterEngine: All Setup Threads have ended
2023-08-11 13:16:05,620 INFO o.a.j.e.StandardJMeterEngine: No enabled thread groups found
2023-08-11 13:16:05,621 INFO o.a.j.e.StandardJMeterEngine: Notifying test listeners of end of test
2023-08-11 13:16:05,621 INFO o.a.j.g.u.JMeterMenuBar: setRunning(false, *local*)
2023-08-11 13:16:54,710 INFO o.a.j.e.StandardJMeterEngine: Running the test!
2023-08-11 13:16:54,710 INFO o.a.j.s.SampleEvent: List of sample_variables: []
2023-08-11 13:16:54,710 INFO o.a.j.g.u.JMeterMenuBar: setRunning(true, *local*)
2023-08-11 13:16:54,711 INFO o.a.j.e.StandardJMeterEngine: Starting setUp thread groups
2023-08-11 13:16:54,711 INFO o.a.j.e.StandardJMeterEngine: Starting setUp ThreadGroup: 1 : test 
2023-08-11 13:16:54,711 INFO o.a.j.e.StandardJMeterEngine: Starting 1 threads for group test.
2023-08-11 13:16:54,711 INFO o.a.j.e.StandardJMeterEngine: Thread will continue on error
2023-08-11 13:16:54,711 INFO o.a.j.t.ThreadGroup: Starting thread group... number=1 threads=1 ramp-up=1 delayedStart=false
2023-08-11 13:16:54,712 INFO o.a.j.t.ThreadGroup: Started thread group number 1
2023-08-11 13:16:54,712 INFO o.a.j.e.StandardJMeterEngine: Waiting for all setup thread groups to exit
2023-08-11 13:16:54,712 INFO o.a.j.t.JMeterThread: Thread started: test 1-1
2023-08-11 13:18:01,805 INFO o.a.j.g.a.Start: Shutting test down
2023-08-11 13:18:01,821 INFO o.a.j.t.JMeterThread: Stopping: test 1-1
2023-08-11 13:18:09,746 INFO o.a.j.t.JMeterThread: Thread is done: test 1-1
2023-08-11 13:18:09,746 INFO o.a.j.t.JMeterThread: Thread finished: test 1-1
2023-08-11 13:18:09,746 INFO o.a.j.e.StandardJMeterEngine: All Setup Threads have ended
2023-08-11 13:18:09,816 INFO o.a.j.e.StandardJMeterEngine: No enabled thread groups found
2023-08-11 13:18:09,816 INFO o.a.j.e.StandardJMeterEngine: Notifying test listeners of end of test
2023-08-11 13:18:09,816 INFO o.a.j.g.u.JMeterMenuBar: setRunning(false, *local*)
2023-08-11 13:18:46,751 INFO o.a.j.e.StandardJMeterEngine: Running the test!
2023-08-11 13:18:46,751 INFO o.a.j.s.SampleEvent: List of sample_variables: []
2023-08-11 13:18:46,753 INFO o.a.j.g.u.JMeterMenuBar: setRunning(true, *local*)
2023-08-11 13:18:46,753 INFO o.a.j.e.StandardJMeterEngine: Starting setUp thread groups
2023-08-11 13:18:46,753 INFO o.a.j.e.StandardJMeterEngine: Starting setUp ThreadGroup: 1 : test 
2023-08-11 13:18:46,754 INFO o.a.j.e.StandardJMeterEngine: Starting 1 threads for group test.
2023-08-11 13:18:46,754 INFO o.a.j.e.StandardJMeterEngine: Thread will continue on error
2023-08-11 13:18:46,754 INFO o.a.j.t.ThreadGroup: Starting thread group... number=1 threads=1 ramp-up=1 delayedStart=false
2023-08-11 13:18:46,754 INFO o.a.j.t.ThreadGroup: Started thread group number 1
2023-08-11 13:18:46,754 INFO o.a.j.e.StandardJMeterEngine: Waiting for all setup thread groups to exit
2023-08-11 13:18:46,755 INFO o.a.j.t.JMeterThread: Thread started: test 1-1
2023-08-11 13:20:01,758 INFO o.a.j.r.Summariser: Generate Summary Results +      1 in 00:01:15 =    0.0/s Avg: 75001 Min: 75001 Max: 75001 Err:     1 (100.00%) Active: 1 Started: 1 Finished: 0
2023-08-11 13:20:01,758 INFO o.a.j.t.JMeterThread: Thread is done: test 1-1
2023-08-11 13:20:01,759 INFO o.a.j.t.JMeterThread: Thread finished: test 1-1
2023-08-11 13:20:01,759 INFO o.a.j.e.StandardJMeterEngine: All Setup Threads have ended
2023-08-11 13:20:01,806 INFO o.a.j.e.StandardJMeterEngine: No enabled thread groups found
2023-08-11 13:20:01,806 INFO o.a.j.e.StandardJMeterEngine: Notifying test listeners of end of test
2023-08-11 13:20:01,806 INFO o.a.j.g.u.JMeterMenuBar: setRunning(false, *local*)
2023-08-11 13:20:09,061 INFO o.a.j.e.StandardJMeterEngine: Running the test!
2023-08-11 13:20:09,061 INFO o.a.j.s.SampleEvent: List of sample_variables: []
2023-08-11 13:20:09,062 INFO o.a.j.g.u.JMeterMenuBar: setRunning(true, *local*)
2023-08-11 13:20:09,062 INFO o.a.j.e.StandardJMeterEngine: Starting setUp thread groups
2023-08-11 13:20:09,062 INFO o.a.j.e.StandardJMeterEngine: Starting setUp ThreadGroup: 1 : test 
2023-08-11 13:20:09,062 INFO o.a.j.e.StandardJMeterEngine: Starting 1 threads for group test.
2023-08-11 13:20:09,062 INFO o.a.j.e.StandardJMeterEngine: Thread will continue on error
2023-08-11 13:20:09,062 INFO o.a.j.t.ThreadGroup: Starting thread group... number=1 threads=1 ramp-up=1 delayedStart=false
2023-08-11 13:20:09,063 INFO o.a.j.t.ThreadGroup: Started thread group number 1
2023-08-11 13:20:09,063 INFO o.a.j.e.StandardJMeterEngine: Waiting for all setup thread groups to exit
2023-08-11 13:20:09,063 INFO o.a.j.t.JMeterThread: Thread started: test 1-1
2023-08-11 13:20:33,031 INFO o.a.j.r.ClassFinder: Will scan jar /usr/local/Cellar/jmeter/5.6.2/libexec/lib/ext/jmeter-plugins-manager-1.9.jar with filter ExtendsClassFilter [parents=[interface org.apache.jmeter.visualizers.ResultRenderer], inner=false, contains=null, notContains=null]. Consider exposing JMeter plugins via META-INF/services, and add JMeter-Skip-Class-Scanning=true manifest attribute so JMeter can skip classfile scanning
2023-08-11 13:20:33,048 INFO o.a.j.r.ClassFinder: Will scan jar /usr/local/Cellar/jmeter/5.6.2/libexec/lib/ext/jmeter-plugins-manager-1.9.jar with filter ExtendsClassFilter [parents=[interface org.apache.jmeter.visualizers.RequestView], inner=false, contains=null, notContains=null]. Consider exposing JMeter plugins via META-INF/services, and add JMeter-Skip-Class-Scanning=true manifest attribute so JMeter can skip classfile scanning
2023-08-11 13:21:10,309 INFO o.a.j.g.a.Start: Shutting test down
2023-08-11 13:21:10,322 INFO o.a.j.t.JMeterThread: Stopping: test 1-1
2023-08-11 13:21:24,066 INFO o.a.j.t.JMeterThread: Thread is done: test 1-1
2023-08-11 13:21:24,066 INFO o.a.j.t.JMeterThread: Thread finished: test 1-1
2023-08-11 13:21:24,067 INFO o.a.j.e.StandardJMeterEngine: All Setup Threads have ended
2023-08-11 13:21:24,117 INFO o.a.j.e.StandardJMeterEngine: No enabled thread groups found
2023-08-11 13:21:24,118 INFO o.a.j.e.StandardJMeterEngine: Notifying test listeners of end of test
2023-08-11 13:21:24,118 INFO o.a.j.r.Summariser: Generate Summary Results =      1 in 00:01:15 =    0.0/s Avg: 75002 Min: 75002 Max: 75002 Err:     1 (100.00%)
2023-08-11 13:21:24,119 INFO o.a.j.g.u.JMeterMenuBar: setRunning(false, *local*)
2023-08-11 13:23:56,137 INFO o.a.j.e.StandardJMeterEngine: Running the test!
2023-08-11 13:23:56,137 INFO o.a.j.s.SampleEvent: List of sample_variables: []
2023-08-11 13:23:56,137 INFO o.a.j.g.u.JMeterMenuBar: setRunning(true, *local*)
2023-08-11 13:23:56,141 INFO o.a.j.e.StandardJMeterEngine: Starting setUp thread groups
2023-08-11 13:23:56,141 INFO o.a.j.e.StandardJMeterEngine: Starting setUp ThreadGroup: 1 : test 
2023-08-11 13:23:56,141 INFO o.a.j.e.StandardJMeterEngine: Starting 10 threads for group test.
2023-08-11 13:23:56,141 INFO o.a.j.e.StandardJMeterEngine: Thread will continue on error
2023-08-11 13:23:56,142 INFO o.a.j.t.ThreadGroup: Starting thread group... number=1 threads=10 ramp-up=1 delayedStart=false
2023-08-11 13:23:56,142 INFO o.a.j.t.JMeterThread: Thread started: test 1-1
2023-08-11 13:23:56,147 INFO o.a.j.t.ThreadGroup: Started thread group number 1
2023-08-11 13:23:56,147 INFO o.a.j.e.StandardJMeterEngine: Waiting for all setup thread groups to exit
2023-08-11 13:23:56,243 INFO o.a.j.t.JMeterThread: Thread started: test 1-2
2023-08-11 13:23:56,343 INFO o.a.j.t.JMeterThread: Thread started: test 1-3
2023-08-11 13:23:56,447 INFO o.a.j.t.JMeterThread: Thread started: test 1-4
2023-08-11 13:23:56,546 INFO o.a.j.t.JMeterThread: Thread started: test 1-5
2023-08-11 13:23:56,645 INFO o.a.j.t.JMeterThread: Thread started: test 1-6
2023-08-11 13:23:56,743 INFO o.a.j.t.JMeterThread: Thread started: test 1-7
2023-08-11 13:23:56,844 INFO o.a.j.t.JMeterThread: Thread started: test 1-8
2023-08-11 13:23:56,943 INFO o.a.j.t.JMeterThread: Thread started: test 1-9
2023-08-11 13:23:57,044 INFO o.a.j.t.JMeterThread: Thread started: test 1-10
2023-08-11 13:36:26,215 INFO o.a.j.t.JMeterThread: Thread is done: test 1-1
2023-08-11 13:36:26,220 INFO o.a.j.t.JMeterThread: Thread finished: test 1-1
2023-08-11 13:36:26,238 INFO o.a.j.t.JMeterThread: Thread is done: test 1-2
2023-08-11 13:36:26,238 INFO o.a.j.t.JMeterThread: Thread finished: test 1-2
2023-08-11 13:36:26,342 INFO o.a.j.t.JMeterThread: Thread is done: test 1-3
2023-08-11 13:36:26,342 INFO o.a.j.t.JMeterThread: Thread finished: test 1-3
2023-08-11 13:36:26,443 INFO o.a.j.t.JMeterThread: Thread is done: test 1-4
2023-08-11 13:36:26,443 INFO o.a.j.t.JMeterThread: Thread finished: test 1-4
2023-08-11 13:36:26,549 INFO o.a.j.t.JMeterThread: Thread is done: test 1-5
2023-08-11 13:36:26,549 INFO o.a.j.t.JMeterThread: Thread finished: test 1-5
2023-08-11 13:36:26,639 INFO o.a.j.t.JMeterThread: Thread is done: test 1-6
2023-08-11 13:36:26,639 INFO o.a.j.t.JMeterThread: Thread finished: test 1-6
2023-08-11 13:36:26,744 INFO o.a.j.t.JMeterThread: Thread is done: test 1-7
2023-08-11 13:36:26,744 INFO o.a.j.t.JMeterThread: Thread finished: test 1-7
2023-08-11 13:36:26,837 INFO o.a.j.t.JMeterThread: Thread is done: test 1-8
2023-08-11 13:36:26,837 INFO o.a.j.t.JMeterThread: Thread finished: test 1-8
2023-08-11 13:36:26,936 INFO o.a.j.t.JMeterThread: Thread is done: test 1-9
2023-08-11 13:36:26,936 INFO o.a.j.t.JMeterThread: Thread finished: test 1-9
2023-08-11 13:36:27,039 INFO o.a.j.t.JMeterThread: Thread is done: test 1-10
2023-08-11 13:36:27,039 INFO o.a.j.t.JMeterThread: Thread finished: test 1-10
2023-08-11 13:36:27,040 INFO o.a.j.e.StandardJMeterEngine: All Setup Threads have ended
2023-08-11 13:36:27,085 INFO o.a.j.e.StandardJMeterEngine: No enabled thread groups found
2023-08-11 13:36:27,086 INFO o.a.j.e.StandardJMeterEngine: Notifying test listeners of end of test
2023-08-11 13:36:27,086 INFO o.a.j.r.Summariser: Generate Summary Results =    100 in 00:12:31 =    0.1/s Avg: 75001 Min: 74999 Max: 75037 Err:   100 (100.00%)
2023-08-11 13:36:27,086 INFO o.a.j.g.u.JMeterMenuBar: setRunning(false, *local*)
2023-08-11 14:01:31,016 INFO o.a.j.r.ClassFinder: Will scan jar /usr/local/Cellar/jmeter/5.6.2/libexec/lib/ext/jmeter-plugins-manager-1.9.jar with filter ExtendsClassFilter [parents=[interface org.apache.jmeter.visualizers.RequestView], inner=false, contains=null, notContains=null]. Consider exposing JMeter plugins via META-INF/services, and add JMeter-Skip-Class-Scanning=true manifest attribute so JMeter can skip classfile scanning
2023-08-11 14:01:38,383 INFO o.a.j.r.ClassFinder: Will scan jar /usr/local/Cellar/jmeter/5.6.2/libexec/lib/ext/jmeter-plugins-manager-1.9.jar with filter ExtendsClassFilter [parents=[interface org.apache.jmeter.visualizers.RequestView], inner=false, contains=null, notContains=null]. Consider exposing JMeter plugins via META-INF/services, and add JMeter-Skip-Class-Scanning=true manifest attribute so JMeter can skip classfile scanning
2023-08-11 14:01:46,307 INFO o.a.j.r.ClassFinder: Will scan jar /usr/local/Cellar/jmeter/5.6.2/libexec/lib/ext/jmeter-plugins-manager-1.9.jar with filter ExtendsClassFilter [parents=[interface org.apache.jmeter.visualizers.RequestView], inner=false, contains=null, notContains=null]. Consider exposing JMeter plugins via META-INF/services, and add JMeter-Skip-Class-Scanning=true manifest attribute so JMeter can skip classfile scanning
